<?xml version="1.0" encoding="UTF-8"?>
<!-- Generated by org.testng.reporters.JUnitReportReporter -->
<testsuite hostname="SRIKRISHNA" failures="0" tests="8" name="com.automation.DriverScript" time="4.611" errors="0" timestamp="2024-10-03T08:15:03 IST" skipped="0">
  <testcase classname="com.automation.DriverScript" name="execute" time="0.255"/>
  <testcase classname="com.automation.DriverScript" name="execute" time="2.730"/>
  <testcase classname="com.automation.DriverScript" name="execute" time="0.194"/>
  <testcase classname="com.automation.DriverScript" name="execute" time="0.149"/>
  <testcase classname="com.automation.DriverScript" name="execute" time="0.181"/>
  <testcase classname="com.automation.DriverScript" name="execute" time="0.209"/>
  <testcase classname="com.automation.DriverScript" name="execute" time="0.085"/>
  <testcase classname="com.automation.DriverScript" name="execute" time="0.808"/>
</testsuite> <!-- com.automation.DriverScript -->
